2025-09-01 14:28:41,702 - INFO - Тексты прогружаются...
2025-09-01 14:28:41,703 - INFO - Тексты успешно прогрузились.
2025-09-01 14:28:41,708 - INFO - Создание клавиатур...
2025-09-01 14:28:41,709 - INFO - Клавиатуры успешно созданы.
2025-09-01 14:28:41,710 - INFO - Создание reply-клавиатур...
2025-09-01 14:28:41,710 - INFO - Reply-клавиатуры успешно созданы.
2025-09-01 14:28:41,725 - INFO - Бот запущен!
2025-09-01 14:28:42,547 - INFO - Обработчик команды /start зарегистрирован
2025-09-01 14:28:42,547 - INFO - Обработчик команды /help зарегистрирован
2025-09-01 14:28:42,547 - INFO - Обработчик команды /commands зарегистрирован
2025-09-01 14:28:42,548 - INFO - Обработчик кнопки 'Назад' зарегистрирован
2025-09-01 14:28:42,548 - INFO - Обработчик команды /catalog зарегистрирован
2025-09-01 14:28:42,548 - INFO - Обработчик выбора категории зарегистрирован
2025-09-01 14:28:42,548 - INFO - Обработчик выбора товара зарегистрирован
2025-09-01 14:28:42,549 - INFO - Обработчик команды /update зарегистрирован
2025-09-01 14:28:42,549 - INFO - Обработчик обновления данных зарегистрирован
2025-09-01 14:28:42,549 - INFO - Обработчик удаления данных зарегистрирован
2025-09-01 14:28:42,549 - INFO - Обработчик выбора действия (подтверждение удаления) зарегистрирован
2025-09-01 14:28:42,550 - INFO - Обработчик получения e-mail зарегистрирован
2025-09-01 14:28:42,550 - INFO - Обработчик получения телефона зарегистрирован
2025-09-01 14:28:42,550 - INFO - Обработчик просмотра товаров в корзине зарегистрирован
2025-09-01 14:28:42,550 - INFO - Обработчик добавления товара в корзину зарегистрирован
2025-09-01 14:28:42,551 - INFO - Обработчик удаления товаров из корзины зарегистрирован
2025-09-01 14:28:42,551 - INFO - Обработчик очистки корзины зарегистрирован
2025-09-01 14:28:42,551 - INFO - Запуск бота...
2025-09-01 14:28:42,553 - INFO - Start polling
2025-09-01 14:28:42,880 - INFO - Run polling for bot @BestBuyHelperBot id=7715508815 - 'ShopBot'
2025-09-01 14:28:45,807 - INFO - Пользователь 6418102761 начал взаимодействие с ботом.
2025-09-01 14:28:45,815 - INFO - Отправка приветственного сообщения пользователю 6418102761.
2025-09-01 14:28:51,461 - INFO - Пользователь 6418102761 запросил список категорий.
2025-09-01 14:28:51,464 - ERROR - Ошибка при загрузке категорий для пользователя 6418102761: 1 validation error for ReplyKeyboardMarkup
keyboard
  Field required [type=missing, input_value={'resize_keyboard': True}, input_type=dict]
    For further information visit https://errors.pydantic.dev/2.9/v/missing
2025-09-01 14:28:51,782 - INFO - Update id=255561820 is handled. Duration 312 ms by bot id=7715508815
2025-09-01 14:29:07,212 - INFO - Update id=255561819 is handled. Duration 21407 ms by bot id=7715508815
2025-09-01 14:29:25,791 - INFO - Polling stopped
2025-09-01 14:29:26,063 - INFO - Polling stopped for bot @BestBuyHelperBot id=7715508815 - 'ShopBot'
2025-09-01 14:29:26,064 - INFO - Бот остановлен.
